The following values were not passed to `accelerate launch` and had defaults used instead:
	`--num_processes` was set to a value of `1`
	`--num_machines` was set to a value of `1`
	`--mixed_precision` was set to a value of `'no'`
	`--dynamo_backend` was set to a value of `'no'`
To avoid this warning pass in values for each of the problematic parameters or run `accelerate config`.
Detected kernel version 4.19.91, which is below the recommended minimum of 5.5.0; this can cause the process to hang. It is recommended to upgrade the kernel to the minimum version or higher.
/home/shanjianping/anaconda3/envs/wenv/lib/python3.11/site-packages/transformers/models/auto/tokenization_auto.py:720: FutureWarning: The `use_auth_token` argument is deprecated and will be removed in v5 of Transformers. Please use `token` instead.
  warnings.warn(
/home/shanjianping/anaconda3/envs/wenv/lib/python3.11/site-packages/huggingface_hub/file_download.py:945: FutureWarning: `resume_download` is deprecated and will be removed in version 1.0.0. Downloads always resume when possible. If you want to force a new download, use `force_download=True`.
  warnings.warn(
'(MaxRetryError('HTTPSConnectionPool(host=\'hf-mirror.com\', port=443): Max retries exceeded with url: /bigcode/starcoder/resolve/main/tokenizer_config.json (Caused by NameResolutionError("<urllib3.connection.HTTPSConnection object at 0x7fd2afd25450>: Failed to resolve \'hf-mirror.com\' ([Errno -2] Name or service not known)"))'), '(Request ID: dc311c1a-dc96-499d-a98a-4a74393d5535)')' thrown while requesting HEAD https://hf-mirror.com/bigcode/starcoder/resolve/main/tokenizer_config.json
Retrying in 1s [Retry 1/5].
'(MaxRetryError('HTTPSConnectionPool(host=\'hf-mirror.com\', port=443): Max retries exceeded with url: /bigcode/starcoder/resolve/main/tokenizer_config.json (Caused by NameResolutionError("<urllib3.connection.HTTPSConnection object at 0x7fd2acaa9190>: Failed to resolve \'hf-mirror.com\' ([Errno -2] Name or service not known)"))'), '(Request ID: 0aff6a89-2d85-4b44-917b-50e536feec15)')' thrown while requesting HEAD https://hf-mirror.com/bigcode/starcoder/resolve/main/tokenizer_config.json
Retrying in 2s [Retry 2/5].
'(MaxRetryError('HTTPSConnectionPool(host=\'hf-mirror.com\', port=443): Max retries exceeded with url: /bigcode/starcoder/resolve/main/tokenizer_config.json (Caused by NameResolutionError("<urllib3.connection.HTTPSConnection object at 0x7fd2acaa9390>: Failed to resolve \'hf-mirror.com\' ([Errno -2] Name or service not known)"))'), '(Request ID: 1eb75ba0-a28d-47dd-8e72-c3c79c6ebbf0)')' thrown while requesting HEAD https://hf-mirror.com/bigcode/starcoder/resolve/main/tokenizer_config.json
Retrying in 4s [Retry 3/5].
'(MaxRetryError('HTTPSConnectionPool(host=\'hf-mirror.com\', port=443): Max retries exceeded with url: /bigcode/starcoder/resolve/main/tokenizer_config.json (Caused by NameResolutionError("<urllib3.connection.HTTPSConnection object at 0x7fd2ac014f10>: Failed to resolve \'hf-mirror.com\' ([Errno -2] Name or service not known)"))'), '(Request ID: d2c405b3-cdd1-40db-95a9-23a4e1898690)')' thrown while requesting HEAD https://hf-mirror.com/bigcode/starcoder/resolve/main/tokenizer_config.json
Retrying in 8s [Retry 4/5].
'(MaxRetryError('HTTPSConnectionPool(host=\'hf-mirror.com\', port=443): Max retries exceeded with url: /bigcode/starcoder/resolve/main/tokenizer_config.json (Caused by NameResolutionError("<urllib3.connection.HTTPSConnection object at 0x7fd2ac015c50>: Failed to resolve \'hf-mirror.com\' ([Errno -2] Name or service not known)"))'), '(Request ID: 18c021b2-3bea-47a2-83c1-5b483e714db2)')' thrown while requesting HEAD https://hf-mirror.com/bigcode/starcoder/resolve/main/tokenizer_config.json
Retrying in 8s [Retry 5/5].
'(MaxRetryError('HTTPSConnectionPool(host=\'hf-mirror.com\', port=443): Max retries exceeded with url: /bigcode/starcoder/resolve/main/tokenizer_config.json (Caused by NameResolutionError("<urllib3.connection.HTTPSConnection object at 0x7fd2ac016990>: Failed to resolve \'hf-mirror.com\' ([Errno -2] Name or service not known)"))'), '(Request ID: 5b28aac5-20ec-4e89-b897-4e8086e3063b)')' thrown while requesting HEAD https://hf-mirror.com/bigcode/starcoder/resolve/main/tokenizer_config.json
/home/shanjianping/anaconda3/envs/wenv/lib/python3.11/site-packages/transformers/models/auto/auto_factory.py:466: FutureWarning: The `use_auth_token` argument is deprecated and will be removed in v5 of Transformers. Please use `token` instead.
  warnings.warn(
'(MaxRetryError('HTTPSConnectionPool(host=\'hf-mirror.com\', port=443): Max retries exceeded with url: /bigcode/starcoder/resolve/main/config.json (Caused by NameResolutionError("<urllib3.connection.HTTPSConnection object at 0x7fd2ac0140d0>: Failed to resolve \'hf-mirror.com\' ([Errno -2] Name or service not known)"))'), '(Request ID: f659745f-e53f-4101-a45b-7a917643be1e)')' thrown while requesting HEAD https://hf-mirror.com/bigcode/starcoder/resolve/main/config.json
Retrying in 1s [Retry 1/5].
'(MaxRetryError('HTTPSConnectionPool(host=\'hf-mirror.com\', port=443): Max retries exceeded with url: /bigcode/starcoder/resolve/main/config.json (Caused by NameResolutionError("<urllib3.connection.HTTPSConnection object at 0x7fd2ac0149d0>: Failed to resolve \'hf-mirror.com\' ([Errno -2] Name or service not known)"))'), '(Request ID: 7b5875ff-bfde-490d-920e-2d363daaae0a)')' thrown while requesting HEAD https://hf-mirror.com/bigcode/starcoder/resolve/main/config.json
Retrying in 2s [Retry 2/5].
Traceback (most recent call last):
  File "/home/shanjianping/anaconda3/envs/wenv/bin/accelerate", line 7, in <module>
    sys.exit(main())
             ^^^^^^
  File "/home/shanjianping/anaconda3/envs/wenv/lib/python3.11/site-packages/accelerate/commands/accelerate_cli.py", line 46, in main
    args.func(args)
  File "/home/shanjianping/anaconda3/envs/wenv/lib/python3.11/site-packages/accelerate/commands/launch.py", line 1057, in launch_command
    simple_launcher(args)
  File "/home/shanjianping/anaconda3/envs/wenv/lib/python3.11/site-packages/accelerate/commands/launch.py", line 670, in simple_launcher
    process.wait()
  File "/home/shanjianping/anaconda3/envs/wenv/lib/python3.11/subprocess.py", line 1264, in wait
    return self._wait(timeout=timeout)
           ^^^^^^^^^^^^^^^^^^^^^^^^^^^
  File "/home/shanjianping/anaconda3/envs/wenv/lib/python3.11/subprocess.py", line 2053, in _wait
    (pid, sts) = self._try_wait(0)
                 ^^^^^^^^^^^^^^^^^
  File "/home/shanjianping/anaconda3/envs/wenv/lib/python3.11/subprocess.py", line 2011, in _try_wait
    (pid, sts) = os.waitpid(self.pid, wait_flags)
                 ^^^^^^^^^^^^^^^^^^^^^^^^^^^^^^^^
KeyboardInterrupt
Selected Task: humaneval
evaluation only mode
Traceback (most recent call last):
  File "/home/shanjianping/anaconda3/envs/wenv/lib/python3.11/site-packages/urllib3/connection.py", line 198, in _new_conn
    sock = connection.create_connection(
           ^^^^^^^^^^^^^^^^^^^^^^^^^^^^^
  File "/home/shanjianping/anaconda3/envs/wenv/lib/python3.11/site-packages/urllib3/util/connection.py", line 60, in create_connection
    for res in socket.getaddrinfo(host, port, family, socket.SOCK_STREAM):
               ^^^^^^^^^^^^^^^^^^^^^^^^^^^^^^^^^^^^^^^^^^^^^^^^^^^^^^^^^^
  File "/home/shanjianping/anaconda3/envs/wenv/lib/python3.11/socket.py", line 974, in getaddrinfo
    for res in _socket.getaddrinfo(host, port, family, type, proto, flags):
               ^^^^^^^^^^^^^^^^^^^^^^^^^^^^^^^^^^^^^^^^^^^^^^^^^^^^^^^^^^^
socket.gaierror: [Errno -2] Name or service not known

During handling of the above exception, another exception occurred:

Traceback (most recent call last):
  File "/home/shanjianping/wjy/wenjinyan_place/sweet-watermark-master/AST_anchor/main_ast.py", line 364, in <module>
    main()
  File "/home/shanjianping/wjy/wenjinyan_place/sweet-watermark-master/AST_anchor/main_ast.py", line 296, in main
    model = AutoModelForCausalLM.from_pretrained(
            ^^^^^^^^^^^^^^^^^^^^^^^^^^^^^^^^^^^^^
  File "/home/shanjianping/anaconda3/envs/wenv/lib/python3.11/site-packages/transformers/models/auto/auto_factory.py", line 482, in from_pretrained
    resolved_config_file = cached_file(
                           ^^^^^^^^^^^^
  File "/home/shanjianping/anaconda3/envs/wenv/lib/python3.11/site-packages/transformers/utils/hub.py", line 398, in cached_file
    resolved_file = hf_hub_download(
                    ^^^^^^^^^^^^^^^^
  File "/home/shanjianping/anaconda3/envs/wenv/lib/python3.11/site-packages/huggingface_hub/utils/_validators.py", line 114, in _inner_fn
    return fn(*args, **kwargs)
           ^^^^^^^^^^^^^^^^^^^
  File "/home/shanjianping/anaconda3/envs/wenv/lib/python3.11/site-packages/huggingface_hub/file_download.py", line 1010, in hf_hub_download
    return _hf_hub_download_to_cache_dir(
           ^^^^^^^^^^^^^^^^^^^^^^^^^^^^^^
  File "/home/shanjianping/anaconda3/envs/wenv/lib/python3.11/site-packages/huggingface_hub/file_download.py", line 1073, in _hf_hub_download_to_cache_dir
    (url_to_download, etag, commit_hash, expected_size, xet_file_data, head_call_error) = _get_metadata_or_catch_error(
                                                                                          ^^^^^^^^^^^^^^^^^^^^^^^^^^^^^
  File "/home/shanjianping/anaconda3/envs/wenv/lib/python3.11/site-packages/huggingface_hub/file_download.py", line 1546, in _get_metadata_or_catch_error
    metadata = get_hf_file_metadata(
               ^^^^^^^^^^^^^^^^^^^^^
  File "/home/shanjianping/anaconda3/envs/wenv/lib/python3.11/site-packages/huggingface_hub/utils/_validators.py", line 114, in _inner_fn
    return fn(*args, **kwargs)
           ^^^^^^^^^^^^^^^^^^^
  File "/home/shanjianping/anaconda3/envs/wenv/lib/python3.11/site-packages/huggingface_hub/file_download.py", line 1463, in get_hf_file_metadata
    r = _request_wrapper(
        ^^^^^^^^^^^^^^^^^
  File "/home/shanjianping/anaconda3/envs/wenv/lib/python3.11/site-packages/huggingface_hub/file_download.py", line 286, in _request_wrapper
    response = _request_wrapper(
               ^^^^^^^^^^^^^^^^^
  File "/home/shanjianping/anaconda3/envs/wenv/lib/python3.11/site-packages/huggingface_hub/file_download.py", line 309, in _request_wrapper
    response = http_backoff(method=method, url=url, **params)
               ^^^^^^^^^^^^^^^^^^^^^^^^^^^^^^^^^^^^^^^^^^^^^^
  File "/home/shanjianping/anaconda3/envs/wenv/lib/python3.11/site-packages/huggingface_hub/utils/_http.py", line 308, in http_backoff
    response = session.request(method=method, url=url, **kwargs)
               ^^^^^^^^^^^^^^^^^^^^^^^^^^^^^^^^^^^^^^^^^^^^^^^^^
  File "/home/shanjianping/anaconda3/envs/wenv/lib/python3.11/site-packages/requests/sessions.py", line 589, in request
    resp = self.send(prep, **send_kwargs)
           ^^^^^^^^^^^^^^^^^^^^^^^^^^^^^^
  File "/home/shanjianping/anaconda3/envs/wenv/lib/python3.11/site-packages/requests/sessions.py", line 703, in send
    r = adapter.send(request, **kwargs)
        ^^^^^^^^^^^^^^^^^^^^^^^^^^^^^^^
  File "/home/shanjianping/anaconda3/envs/wenv/lib/python3.11/site-packages/huggingface_hub/utils/_http.py", line 95, in send
    return super().send(request, *args, **kwargs)
           ^^^^^^^^^^^^^^^^^^^^^^^^^^^^^^^^^^^^^^
  File "/home/shanjianping/anaconda3/envs/wenv/lib/python3.11/site-packages/requests/adapters.py", line 644, in send
    resp = conn.urlopen(
           ^^^^^^^^^^^^^
  File "/home/shanjianping/anaconda3/envs/wenv/lib/python3.11/site-packages/urllib3/connectionpool.py", line 787, in urlopen
    response = self._make_request(
               ^^^^^^^^^^^^^^^^^^^
  File "/home/shanjianping/anaconda3/envs/wenv/lib/python3.11/site-packages/urllib3/connectionpool.py", line 464, in _make_request
    self._validate_conn(conn)
  File "/home/shanjianping/anaconda3/envs/wenv/lib/python3.11/site-packages/urllib3/connectionpool.py", line 1093, in _validate_conn
    conn.connect()
  File "/home/shanjianping/anaconda3/envs/wenv/lib/python3.11/site-packages/urllib3/connection.py", line 753, in connect
    self.sock = sock = self._new_conn()
                       ^^^^^^^^^^^^^^^^
  File "/home/shanjianping/anaconda3/envs/wenv/lib/python3.11/site-packages/urllib3/connection.py", line 205, in _new_conn
    raise NameResolutionError(self.host, self, e) from e
                              ^^^^^^^^^
  File "/home/shanjianping/anaconda3/envs/wenv/lib/python3.11/site-packages/urllib3/connection.py", line 163, in host
    @property

KeyboardInterrupt
